CA-Realia COBOL Version 6.1.0002 D:\CICS\PROG01.CIC					02AUG17 16:52:08  PAGE	  1



			Realia COBOL Compiler Version Information

			      Pass 1	 Version 6.152
			      Pass 1a	 Version 6.100
			      Pass 2	 Version 6.167
			      Pass 2a	 Version 6.102
			      Pass 3	 Version 6.133
			      Pass 4	 Version 6.107
			      Pass 5	 Version 6.105


			Compilation Directives in Effect

COMP-4		  AS:2		    NODATA	      DCHK
OPT		  NOCALL	    SUBCHK	      STRCHK
TRUNC		  NOSMALLCOMP	    NODCALL	      DIVZERO
NOEPDCALL	  APOST 	    EBCDIC	      STATABORT
NOMOVELINK	  BLL4K 	    ARGCHK	      NOUPLOW
NOVERARG	  MDY		    LP:   60	      PP
FCREATE 	  NOIEEE	    NOLILIAN	      CURRENCY-SIGN=$
WRITEAFTER	  SOSI		    NOCOPY68	      NOIBMODO
NOFLAG-COM	  NOFLAG-SEG	    NOFLAG-FIPS       DEBUGXREF
DIALECT-OSVS

			Error level limit: W

			Source lines compiled:	     435
			Compilation time (mm:ss.ss):  0:00.02
			Compilation speed (lines/minute): 1305000

			Compilation date (yy/mm/dd): 17/08/02
			     Time of day (hh:mm:ss): 16:52:08